mode: set
github.com/cxio/evidcoin/internal/blockchain/blockchain.go:51.43,52.22 1 1
github.com/cxio/evidcoin/internal/blockchain/blockchain.go:52.22,54.3 1 1
github.com/cxio/evidcoin/internal/blockchain/blockchain.go:55.2,55.24 1 1
github.com/cxio/evidcoin/internal/blockchain/blockchain.go:55.24,57.3 1 1
github.com/cxio/evidcoin/internal/blockchain/blockchain.go:58.2,64.45 2 1
github.com/cxio/evidcoin/internal/blockchain/blockchain.go:64.45,65.52 1 1
github.com/cxio/evidcoin/internal/blockchain/blockchain.go:65.52,67.4 1 0
github.com/cxio/evidcoin/internal/blockchain/blockchain.go:69.2,69.16 1 1
github.com/cxio/evidcoin/internal/blockchain/blockchain.go:75.62,79.50 3 1
github.com/cxio/evidcoin/internal/blockchain/blockchain.go:79.50,81.3 1 1
github.com/cxio/evidcoin/internal/blockchain/blockchain.go:82.2,82.33 1 1
github.com/cxio/evidcoin/internal/blockchain/blockchain.go:82.33,84.3 1 0
github.com/cxio/evidcoin/internal/blockchain/blockchain.go:85.2,85.45 1 1
github.com/cxio/evidcoin/internal/blockchain/blockchain.go:85.45,87.3 1 0
github.com/cxio/evidcoin/internal/blockchain/blockchain.go:88.2,89.12 2 1
github.com/cxio/evidcoin/internal/blockchain/blockchain.go:94.77,99.16 4 0
github.com/cxio/evidcoin/internal/blockchain/blockchain.go:99.16,101.3 1 0
github.com/cxio/evidcoin/internal/blockchain/blockchain.go:102.2,102.26 1 0
github.com/cxio/evidcoin/internal/blockchain/blockchain.go:102.26,104.3 1 0
github.com/cxio/evidcoin/internal/blockchain/blockchain.go:105.2,105.29 1 0
github.com/cxio/evidcoin/internal/blockchain/blockchain.go:109.65,111.59 1 1
github.com/cxio/evidcoin/internal/blockchain/blockchain.go:111.59,113.3 1 0
github.com/cxio/evidcoin/internal/blockchain/blockchain.go:115.2,115.31 1 1
github.com/cxio/evidcoin/internal/blockchain/blockchain.go:115.31,117.3 1 0
github.com/cxio/evidcoin/internal/blockchain/blockchain.go:119.2,119.23 1 1
github.com/cxio/evidcoin/internal/blockchain/blockchain.go:119.23,121.49 2 1
github.com/cxio/evidcoin/internal/blockchain/blockchain.go:121.49,123.4 1 0
github.com/cxio/evidcoin/internal/blockchain/blockchain.go:124.3,124.17 1 1
github.com/cxio/evidcoin/internal/blockchain/blockchain.go:124.17,125.37 1 1
github.com/cxio/evidcoin/internal/blockchain/blockchain.go:125.37,127.5 1 1
github.com/cxio/evidcoin/internal/blockchain/blockchain.go:128.4,129.35 2 1
github.com/cxio/evidcoin/internal/blockchain/blockchain.go:129.35,131.5 1 1
github.com/cxio/evidcoin/internal/blockchain/blockchain.go:135.2,135.26 1 1
github.com/cxio/evidcoin/internal/blockchain/blockchain.go:135.26,138.17 3 0
github.com/cxio/evidcoin/internal/blockchain/blockchain.go:138.17,140.40 2 0
github.com/cxio/evidcoin/internal/blockchain/blockchain.go:140.40,142.5 1 0
github.com/cxio/evidcoin/internal/blockchain/blockchain.go:146.2,146.12 1 1
github.com/cxio/evidcoin/internal/blockchain/blockchain.go:151.74,155.16 4 1
github.com/cxio/evidcoin/internal/blockchain/blockchain.go:155.16,157.3 1 1
github.com/cxio/evidcoin/internal/blockchain/blockchain.go:158.2,158.34 1 0
github.com/cxio/evidcoin/internal/blockchain/blockchain.go:158.34,160.3 1 0
github.com/cxio/evidcoin/internal/blockchain/blockchain.go:162.2,162.39 1 0
github.com/cxio/evidcoin/internal/blockchain/blockchain.go:166.78,170.16 4 1
github.com/cxio/evidcoin/internal/blockchain/blockchain.go:170.16,172.3 1 1
github.com/cxio/evidcoin/internal/blockchain/blockchain.go:173.2,173.34 1 0
github.com/cxio/evidcoin/internal/blockchain/blockchain.go:173.34,175.3 1 0
github.com/cxio/evidcoin/internal/blockchain/blockchain.go:176.2,176.43 1 0
github.com/cxio/evidcoin/internal/blockchain/blockchain.go:180.56,184.2 3 0
github.com/cxio/evidcoin/internal/blockchain/blockchain.go:187.43,191.16 4 1
github.com/cxio/evidcoin/internal/blockchain/blockchain.go:191.16,193.3 1 0
github.com/cxio/evidcoin/internal/blockchain/blockchain.go:194.2,194.19 1 1
github.com/cxio/evidcoin/internal/blockchain/blockchain.go:198.49,200.2 1 0
github.com/cxio/evidcoin/internal/blockchain/blockchain.go:203.57,207.2 3 1
github.com/cxio/evidcoin/internal/blockchain/blockchain.go:210.62,213.36 3 1
github.com/cxio/evidcoin/internal/blockchain/blockchain.go:213.36,214.10 1 1
github.com/cxio/evidcoin/internal/blockchain/blockchain.go:215.21,215.21 0 1
github.com/cxio/evidcoin/internal/blockchain/blockchain.go:216.11,216.11 0 0
github.com/cxio/evidcoin/internal/blockchain/blockchain.go:223.57,225.16 2 0
github.com/cxio/evidcoin/internal/blockchain/blockchain.go:225.16,227.3 1 0
github.com/cxio/evidcoin/internal/blockchain/blockchain.go:228.2,230.28 3 0
github.com/cxio/evidcoin/internal/blockchain/blockchain.go:230.28,231.30 1 0
github.com/cxio/evidcoin/internal/blockchain/blockchain.go:231.30,232.42 1 0
github.com/cxio/evidcoin/internal/blockchain/blockchain.go:232.42,234.5 1 0
github.com/cxio/evidcoin/internal/blockchain/blockchain.go:237.2,237.12 1 0
github.com/cxio/evidcoin/internal/blockchain/blockqs.go:28.77,30.2 1 0
github.com/cxio/evidcoin/internal/blockchain/blockqs.go:32.82,34.2 1 0
github.com/cxio/evidcoin/internal/blockchain/blockqs.go:36.89,38.2 1 0
github.com/cxio/evidcoin/internal/blockchain/blockqs.go:41.40,43.2 1 1
github.com/cxio/evidcoin/internal/blockchain/fork.go:19.69,22.2 1 0
github.com/cxio/evidcoin/internal/blockchain/fork.go:27.83,32.36 3 1
github.com/cxio/evidcoin/internal/blockchain/fork.go:32.36,34.39 2 1
github.com/cxio/evidcoin/internal/blockchain/fork.go:34.39,36.4 1 1
github.com/cxio/evidcoin/internal/blockchain/fork.go:37.3,37.49 1 0
github.com/cxio/evidcoin/internal/blockchain/fork.go:37.49,39.4 1 0
github.com/cxio/evidcoin/internal/blockchain/fork.go:42.2,42.28 1 0
github.com/cxio/evidcoin/internal/blockchain/fork.go:42.28,43.41 1 0
github.com/cxio/evidcoin/internal/blockchain/fork.go:43.41,45.4 1 0
github.com/cxio/evidcoin/internal/blockchain/fork.go:47.2,47.12 1 0
github.com/cxio/evidcoin/internal/blockchain/fork.go:64.83,67.16 2 0
github.com/cxio/evidcoin/internal/blockchain/fork.go:67.16,69.3 1 0
github.com/cxio/evidcoin/internal/blockchain/fork.go:70.2,75.8 1 0
github.com/cxio/evidcoin/internal/blockchain/fork.go:80.47,85.2 4 0
github.com/cxio/evidcoin/internal/blockchain/fork.go:88.57,90.16 2 0
github.com/cxio/evidcoin/internal/blockchain/fork.go:90.16,92.3 1 0
github.com/cxio/evidcoin/internal/blockchain/fork.go:93.2,93.24 1 0
github.com/cxio/evidcoin/internal/blockchain/fork.go:93.24,95.3 1 0
github.com/cxio/evidcoin/internal/blockchain/fork.go:96.2,96.12 1 0
github.com/cxio/evidcoin/internal/blockchain/fork.go:100.58,102.16 2 0
github.com/cxio/evidcoin/internal/blockchain/fork.go:102.16,104.3 1 0
github.com/cxio/evidcoin/internal/blockchain/fork.go:105.2,105.28 1 0
github.com/cxio/evidcoin/internal/blockchain/header.go:22.42,24.2 1 1
github.com/cxio/evidcoin/internal/blockchain/header.go:27.44,29.2 1 1
github.com/cxio/evidcoin/internal/blockchain/header.go:33.38,35.21 2 1
github.com/cxio/evidcoin/internal/blockchain/header.go:35.21,37.3 1 0
github.com/cxio/evidcoin/internal/blockchain/header.go:38.2,44.21 7 1
github.com/cxio/evidcoin/internal/blockchain/header.go:44.21,46.3 1 0
github.com/cxio/evidcoin/internal/blockchain/header.go:47.2,47.12 1 1
github.com/cxio/evidcoin/internal/blockchain/header.go:52.60,54.2 1 1
github.com/cxio/evidcoin/internal/blockchain/identity.go:20.41,24.25 4 0
github.com/cxio/evidcoin/internal/blockchain/identity.go:24.25,26.3 1 0
github.com/cxio/evidcoin/internal/blockchain/identity.go:27.2,33.25 7 0
github.com/cxio/evidcoin/internal/blockchain/identity.go:33.25,35.3 1 0
github.com/cxio/evidcoin/internal/blockchain/identity.go:36.2,36.12 1 0
github.com/cxio/evidcoin/internal/blockchain/store.go:43.36,48.2 1 1
github.com/cxio/evidcoin/internal/blockchain/store.go:51.63,55.9 4 1
github.com/cxio/evidcoin/internal/blockchain/store.go:55.9,57.3 1 0
github.com/cxio/evidcoin/internal/blockchain/store.go:58.2,58.15 1 1
github.com/cxio/evidcoin/internal/blockchain/store.go:62.75,66.9 4 1
github.com/cxio/evidcoin/internal/blockchain/store.go:66.9,68.3 1 0
github.com/cxio/evidcoin/internal/blockchain/store.go:69.2,69.15 1 1
github.com/cxio/evidcoin/internal/blockchain/store.go:73.54,79.50 6 1
github.com/cxio/evidcoin/internal/blockchain/store.go:79.50,81.3 1 1
github.com/cxio/evidcoin/internal/blockchain/store.go:82.2,82.12 1 1
github.com/cxio/evidcoin/internal/blockchain/store.go:86.46,91.2 4 1
github.com/cxio/evidcoin/internal/blockchain/store.go:94.51,97.18 3 1
github.com/cxio/evidcoin/internal/blockchain/store.go:97.18,99.3 1 0
github.com/cxio/evidcoin/internal/blockchain/store.go:100.2,100.19 1 1
github.com/cxio/evidcoin/internal/blockchain/store.go:104.65,107.2 2 0
